c:\users\junha\desktop\of_v0.11.2_vs2017_release\apps\myapps\telemazegenerator\obj\win32\debug\src\main.obj
c:\users\junha\desktop\of_v0.11.2_vs2017_release\apps\myapps\telemazegenerator\obj\win32\debug\src\ofapp.obj
c:\users\junha\desktop\of_v0.11.2_vs2017_release\apps\myapps\telemazegenerator\obj\win32\debug\src\ofxwinmenu.obj
c:\users\junha\desktop\of_v0.11.2_vs2017_release\apps\myapps\telemazegenerator\obj\win32\debug\vc141.pdb
c:\users\junha\desktop\of_v0.11.2_vs2017_release\apps\myapps\telemazegenerator\bin\telemazegenerator_debug.ilk
c:\users\junha\desktop\of_v0.11.2_vs2017_release\apps\myapps\telemazegenerator\bin\telemazegenerator_debug.exe
c:\users\junha\desktop\of_v0.11.2_vs2017_release\apps\myapps\telemazegenerator\bin\telemazegenerator_debug.pdb
c:\users\junha\desktop\of_v0.11.2_vs2017_release\apps\myapps\telemazegenerator\obj\win32\debug\icon.res
c:\users\junha\desktop\of_v0.11.2_vs2017_release\apps\myapps\telemazegenerator\bin\telemazegenerator_debug.lib
c:\users\junha\desktop\of_v0.11.2_vs2017_release\apps\myapps\telemazegenerator\bin\telemazegenerator_debug.exp
c:\users\junha\desktop\of_v0.11.2_vs2017_release\apps\myapps\telemazegenerator\obj\win32\debug\telemaze.7fd42df7.tlog\cl.14492.write.1.tlog
c:\users\junha\desktop\of_v0.11.2_vs2017_release\apps\myapps\telemazegenerator\obj\win32\debug\telemaze.7fd42df7.tlog\cl.command.1.tlog
c:\users\junha\desktop\of_v0.11.2_vs2017_release\apps\myapps\telemazegenerator\obj\win32\debug\telemaze.7fd42df7.tlog\cl.read.1.tlog
c:\users\junha\desktop\of_v0.11.2_vs2017_release\apps\myapps\telemazegenerator\obj\win32\debug\telemaze.7fd42df7.tlog\link.command.1.tlog
c:\users\junha\desktop\of_v0.11.2_vs2017_release\apps\myapps\telemazegenerator\obj\win32\debug\telemaze.7fd42df7.tlog\link.read.1.tlog
c:\users\junha\desktop\of_v0.11.2_vs2017_release\apps\myapps\telemazegenerator\obj\win32\debug\telemaze.7fd42df7.tlog\link.write.1.tlog
c:\users\junha\desktop\of_v0.11.2_vs2017_release\apps\myapps\telemazegenerator\obj\win32\debug\telemaze.7fd42df7.tlog\rc.command.1.tlog
c:\users\junha\desktop\of_v0.11.2_vs2017_release\apps\myapps\telemazegenerator\obj\win32\debug\telemaze.7fd42df7.tlog\rc.read.1.tlog
c:\users\junha\desktop\of_v0.11.2_vs2017_release\apps\myapps\telemazegenerator\obj\win32\debug\telemaze.7fd42df7.tlog\rc.write.1.tlog
c:\users\junha\desktop\of_v0.11.2_vs2017_release\apps\myapps\telemazegenerator\obj\win32\debug\telemaze.7fd42df7.tlog\telemazegenerator.write.1u.tlog
