  main.cpp
  ofApp.cpp
  ofxWinMenu.cpp
  Info: Boost.Config is older than your compiler version - probably nothing bad will happen - but you may wish to look for an update Boost version.  Define BOOST_CONFIG_SUPPRESS_OUTDATED_MESSAGE to suppress this message.
  Info: Boost.Config is older than your compiler version - probably nothing bad will happen - but you may wish to look for an update Boost version.  Define BOOST_CONFIG_SUPPRESS_OUTDATED_MESSAGE to suppress this message.
c:\users\junha\desktop\of_v0.11.2_vs2017_release\libs\openframeworks\utils\ofutils.h : warning C4819: 현재 코드 페이지(949)에서 표시할 수 없는 문자가 파일에 들어 있습니다. 데이터가 손실되지 않게 하려면 해당 파일을 유니코드 형식으로 저장하십시오. (소스 파일 컴파일 중 src\main.cpp)
c:\users\junha\desktop\of_v0.11.2_vs2017_release\libs\openframeworks\utils\ofutils.h : warning C4819: 현재 코드 페이지(949)에서 표시할 수 없는 문자가 파일에 들어 있습니다. 데이터가 손실되지 않게 하려면 해당 파일을 유니코드 형식으로 저장하십시오. (소스 파일 컴파일 중 src\ofApp.cpp)
c:\users\junha\desktop\of_v0.11.2_vs2017_release\libs\openframeworks\math\ofvec3f.h : warning C4819: 현재 코드 페이지(949)에서 표시할 수 없는 문자가 파일에 들어 있습니다. 데이터가 손실되지 않게 하려면 해당 파일을 유니코드 형식으로 저장하십시오. (소스 파일 컴파일 중 src\main.cpp)
c:\users\junha\desktop\of_v0.11.2_vs2017_release\libs\openframeworks\math\ofvec2f.h : warning C4819: 현재 코드 페이지(949)에서 표시할 수 없는 문자가 파일에 들어 있습니다. 데이터가 손실되지 않게 하려면 해당 파일을 유니코드 형식으로 저장하십시오. (소스 파일 컴파일 중 src\main.cpp)
c:\users\junha\desktop\of_v0.11.2_vs2017_release\libs\openframeworks\math\ofvec3f.h : warning C4819: 현재 코드 페이지(949)에서 표시할 수 없는 문자가 파일에 들어 있습니다. 데이터가 손실되지 않게 하려면 해당 파일을 유니코드 형식으로 저장하십시오. (소스 파일 컴파일 중 src\ofApp.cpp)
c:\users\junha\desktop\of_v0.11.2_vs2017_release\libs\openframeworks\math\ofvec2f.h : warning C4819: 현재 코드 페이지(949)에서 표시할 수 없는 문자가 파일에 들어 있습니다. 데이터가 손실되지 않게 하려면 해당 파일을 유니코드 형식으로 저장하십시오. (소스 파일 컴파일 중 src\ofApp.cpp)
c:\users\junha\desktop\of_v0.11.2_vs2017_release\apps\myapps\telemazegenerator\src\ofapp.cpp(360): warning C4018: '<': signed 또는 unsigned가 일치하지 않습니다.
c:\users\junha\desktop\of_v0.11.2_vs2017_release\apps\myapps\telemazegenerator\src\ofapp.cpp(541): warning C4018: '<': signed 또는 unsigned가 일치하지 않습니다.
c:\users\junha\desktop\of_v0.11.2_vs2017_release\apps\myapps\telemazegenerator\src\ofapp.cpp(662): warning C4018: '<': signed 또는 unsigned가 일치하지 않습니다.
c:\users\junha\desktop\of_v0.11.2_vs2017_release\apps\myapps\telemazegenerator\src\ofapp.cpp(767): warning C4018: '<': signed 또는 unsigned가 일치하지 않습니다.
     bin\teleMazeGenerator.lib 라이브러리 및 bin\teleMazeGenerator.exp 개체를 생성하고 있습니다.
  LINK : /LTCG를 지정했지만 코드를 생성할 필요가 없습니다. 명령줄에서 /LTCG를 제거하면 링커 성능이 향상됩니다.
  teleMazeGenerator.vcxproj -> C:\Users\Junha\Desktop\of_v0.11.2_vs2017_release\apps\myApps\teleMazeGenerator\bin\teleMazeGenerator.exe
  
  	                   2	C:\Users\Junha\Desktop\of_v0.11.2_vs2017_release\libs\fmod\lib\vs\Win32\
  	  *추가 파일  		 6018560	C:\Users\Junha\Desktop\of_v0.11.2_vs2017_release\apps\myApps\teleMazeGenerator\bin\FreeImage.dll
  
  	                   1	C:\Users\Junha\Desktop\of_v0.11.2_vs2017_release\libs\FreeImage\lib\vs\Win32\
  	  *추가 파일  		 1544704	C:\Users\Junha\Desktop\of_v0.11.2_vs2017_release\apps\myApps\teleMazeGenerator\bin\fmod.dll
  	  *추가 파일  		 1733120	C:\Users\Junha\Desktop\of_v0.11.2_vs2017_release\apps\myApps\teleMazeGenerator\bin\fmodL.dll
